<?xml version="1.0" encoding="UTF-8"?>
<testsuite xmlns:xsi="http://www.w3.org/2001/XMLSchema-instance" xsi:noNamespaceSchemaLocation="https://maven.apache.org/surefire/maven-surefire-plugin/xsd/surefire-test-report-3.0.xsd" version="3.0" name="com.rcoem.deveops.DeveopsApplicationTests" time="3.783" tests="1" errors="0" skipped="0" failures="0">
  <properties>
[...]
</properties>
  <testcase name="contextLoads" classname="com.rcoem.deveops.DeveopsApplicationTests" time="1.028">
    <system-out><![CDATA[14:52:10.173 [main] INFO org.springframework.test.context.support.AnnotationConfigContextLoaderUtils -- Could not detect default configuration classes for test class [com.rcoem.deveops.DeveopsApplicationTests]: DeveopsApplicationTests does not declare any static, non-private, non-final, nested classes annotated with @Configuration.
14:52:10.315 [main] INFO org.springframework.boot.test.context.SpringBootTestContextBootstrapper -- Found @SpringBootConfiguration com.rcoem.deveops.DeveopsApplication for test class com.rcoem.deveops.DeveopsApplicationTests

  .   ____          _            __ _ _
 /\\ / ___'_ __ _ _(_)_ __  __ _ \ \ \ \
( ( )\___ | '_ | '_| | '_ \/ _` | \ \ \ \
 \\/  ___)| |_)| | | | | || (_| |  ) ) ) )
  '  |____| .__|_| |_|_| |_\__, | / / / /
 =========|_|==============|___/=/_/_/_/

 :: Spring Boot ::                (v3.3.3)

2024-10-05T14:52:10.827+05:30  INFO 12024 --- [deveops] [           main] c.rcoem.deveops.DeveopsApplicationTests  : Starting DeveopsApplicationTests using Java 21.0.3 with PID 12024 (started by Acer in C:\Users\Acer\Downloads\deveops\deveops)
2024-10-05T14:52:10.828+05:30  INFO 12024 --- [deveops] [           main] c.rcoem.deveops.DeveopsApplicationTests  : No active profile set, falling back to 1 default profile: "default"
2024-10-05T14:52:12.609+05:30  INFO 12024 --- [deveops] [           main] c.rcoem.deveops.DeveopsApplicationTests  : Started DeveopsApplicationTests in 2.112 seconds (process running for 3.32)
]]></system-out>
    <system-err><![CDATA[WARNING: A Java agent has been loaded dynamically (C:\Users\Acer\.m2\repository\net\bytebuddy\byte-buddy-agent\1.14.19\byte-buddy-agent-1.14.19.jar)
WARNING: If a serviceability tool is in use, please run with -XX:+EnableDynamicAgentLoading to hide this warning
WARNING: If a serviceability tool is not in use, please run with -Djdk.instrument.traceUsage for more information
WARNING: Dynamic loading of agents will be disallowed by default in a future release
]]></system-err>
  </testcase>
</testsuite>